f:\编译原理\tiger_test\project1\project1\debug\vc140.pdb
f:\编译原理\tiger_test\project1\project1\debug\vc140.idb
f:\编译原理\tiger_test\project1\project1\debug\absyn.obj
f:\编译原理\tiger_test\project1\project1\debug\env.obj
f:\编译原理\tiger_test\project1\project1\debug\errormsg.obj
f:\编译原理\tiger_test\project1\project1\debug\frame.obj
f:\编译原理\tiger_test\project1\project1\debug\lex.yy.obj
f:\编译原理\tiger_test\project1\project1\debug\parse.obj
f:\编译原理\tiger_test\project1\project1\debug\prabsyn.obj
f:\编译原理\tiger_test\project1\project1\debug\semant.obj
f:\编译原理\tiger_test\project1\project1\debug\symbol.obj
f:\编译原理\tiger_test\project1\project1\debug\table.obj
f:\编译原理\tiger_test\project1\project1\debug\temp.obj
f:\编译原理\tiger_test\project1\project1\debug\tiger2.tab.obj
f:\编译原理\tiger_test\project1\project1\debug\translate.obj
f:\编译原理\tiger_test\project1\project1\debug\tree.obj
f:\编译原理\tiger_test\project1\project1\debug\types.obj
f:\编译原理\tiger_test\project1\project1\debug\util.obj
f:\编译原理\tiger_test\project1\project1\debug\canon.obj
f:\编译原理\tiger_test\project1\debug\project1.ilk
f:\编译原理\tiger_test\project1\debug\project1.exe
f:\编译原理\tiger_test\project1\debug\project1.pdb
f:\编译原理\tiger_test\project1\project1\debug\project1.tlog\cl.command.1.tlog
f:\编译原理\tiger_test\project1\project1\debug\project1.tlog\cl.read.1.tlog
f:\编译原理\tiger_test\project1\project1\debug\project1.tlog\cl.write.1.tlog
f:\编译原理\tiger_test\project1\project1\debug\project1.tlog\link.command.1.tlog
f:\编译原理\tiger_test\project1\project1\debug\project1.tlog\link.read.1.tlog
f:\编译原理\tiger_test\project1\project1\debug\project1.tlog\link.write.1.tlog
